<?xml version="1.0" encoding="UTF-8"?>
<testsuite name="uon.spring_blog.SpringBlogApplicationTests" tests="1" skipped="0" failures="0" errors="0" timestamp="2025-09-01T00:56:22.890Z" hostname="DESKTOP-4HKMPB4" time="1.241">
  <properties/>
  <testcase name="contextLoads()" classname="uon.spring_blog.SpringBlogApplicationTests" time="1.241"/>
  <system-out><![CDATA[09:56:16.911 [Test worker] INFO org.springframework.test.context.support.AnnotationConfigContextLoaderUtils -- Could not detect default configuration classes for test class [uon.spring_blog.SpringBlogApplicationTests]: SpringBlogApplicationTests does not declare any static, non-private, non-final, nested classes annotated with @Configuration.
09:56:17.036 [Test worker] INFO org.springframework.boot.test.context.SpringBootTestContextBootstrapper -- Found @SpringBootConfiguration uon.spring_blog.SpringBlogApplication for test class uon.spring_blog.SpringBlogApplicationTests

  .   ____          _            __ _ _
 /\\ / ___'_ __ _ _(_)_ __  __ _ \ \ \ \
( ( )\___ | '_ | '_| | '_ \/ _` | \ \ \ \
 \\/  ___)| |_)| | | | | || (_| |  ) ) ) )
  '  |____| .__|_| |_|_| |_\__, | / / / /
 =========|_|==============|___/=/_/_/_/

 :: Spring Boot ::                (v3.5.4)

2025-09-01T09:56:17.577+09:00  INFO 6880 --- [spring_blog] [    Test worker] u.s.SpringBlogApplicationTests           : Starting SpringBlogApplicationTests using Java 24.0.2 with PID 6880 (started by Minakon in C:\Users\Minakon\HW\Study\spring_blog)
2025-09-01T09:56:17.579+09:00  INFO 6880 --- [spring_blog] [    Test worker] u.s.SpringBlogApplicationTests           : No active profile set, falling back to 1 default profile: "default"
2025-09-01T09:56:18.443+09:00  INFO 6880 --- [spring_blog] [    Test worker] .s.d.r.c.RepositoryConfigurationDelegate : Bootstrapping Spring Data JPA repositories in DEFAULT mode.
2025-09-01T09:56:18.520+09:00  INFO 6880 --- [spring_blog] [    Test worker] .s.d.r.c.RepositoryConfigurationDelegate : Finished Spring Data repository scanning in 65 ms. Found 3 JPA repository interfaces.
2025-09-01T09:56:19.172+09:00  INFO 6880 --- [spring_blog] [    Test worker] com.zaxxer.hikari.HikariDataSource       : HikariPool-1 - Starting...
2025-09-01T09:56:19.387+09:00  INFO 6880 --- [spring_blog] [    Test worker] com.zaxxer.hikari.pool.HikariPool        : HikariPool-1 - Added connection conn0: url=jdbc:h2:mem:testdb user=SA
2025-09-01T09:56:19.390+09:00  INFO 6880 --- [spring_blog] [    Test worker] com.zaxxer.hikari.HikariDataSource       : HikariPool-1 - Start completed.
2025-09-01T09:56:19.444+09:00  INFO 6880 --- [spring_blog] [    Test worker] o.hibernate.jpa.internal.util.LogHelper  : HHH000204: Processing PersistenceUnitInfo [name: default]
2025-09-01T09:56:19.505+09:00  INFO 6880 --- [spring_blog] [    Test worker] org.hibernate.Version                    : HHH000412: Hibernate ORM core version 6.6.22.Final
2025-09-01T09:56:19.549+09:00  INFO 6880 --- [spring_blog] [    Test worker] o.h.c.internal.RegionFactoryInitiator    : HHH000026: Second-level cache disabled
2025-09-01T09:56:19.915+09:00  INFO 6880 --- [spring_blog] [    Test worker] o.s.o.j.p.SpringPersistenceUnitInfo      : No LoadTimeWeaver setup: ignoring JPA class transformer
2025-09-01T09:56:20.001+09:00  INFO 6880 --- [spring_blog] [    Test worker] org.hibernate.orm.connections.pooling    : HHH10001005: Database info:
	Database JDBC URL [Connecting through datasource 'HikariDataSource (HikariPool-1)']
	Database driver: undefined/unknown
	Database version: 2.3.232
	Autocommit mode: undefined/unknown
	Isolation level: undefined/unknown
	Minimum pool size: undefined/unknown
	Maximum pool size: undefined/unknown
2025-09-01T09:56:21.191+09:00  INFO 6880 --- [spring_blog] [    Test worker] o.h.e.t.j.p.i.JtaPlatformInitiator       : HHH000489: No JTA platform available (set 'hibernate.transaction.jta.platform' to enable JTA platform integration)
Hibernate: 
    drop table if exists article cascade 
Hibernate: 
    drop table if exists refresh_token cascade 
Hibernate: 
    drop table if exists users cascade 
Hibernate: 
    create table article (
        created_at timestamp(6),
        id bigint generated by default as identity,
        updated_at timestamp(6),
        author varchar(255) not null,
        content varchar(255) not null,
        title varchar(255) not null,
        primary key (id)
    )
Hibernate: 
    create table refresh_token (
        id bigint generated by default as identity,
        user_id bigint not null unique,
        refresh_token varchar(255) not null,
        primary key (id)
    )
Hibernate: 
    create table users (
        id bigint generated by default as identity,
        email varchar(255) not null unique,
        nickname varchar(255) unique,
        password varchar(255),
        primary key (id)
    )
2025-09-01T09:56:21.241+09:00  INFO 6880 --- [spring_blog] [    Test worker] j.LocalContainerEntityManagerFactoryBean : Initialized JPA EntityManagerFactory for persistence unit 'default'
2025-09-01T09:56:21.768+09:00  WARN 6880 --- [spring_blog] [    Test worker] JpaBaseConfiguration$JpaWebConfiguration : spring.jpa.open-in-view is enabled by default. Therefore, database queries may be performed during view rendering. Explicitly configure spring.jpa.open-in-view to disable this warning
2025-09-01T09:56:21.866+09:00  INFO 6880 --- [spring_blog] [    Test worker] r$InitializeUserDetailsManagerConfigurer : Global AuthenticationManager configured with UserDetailsService bean with name userDetailService
2025-09-01T09:56:22.655+09:00  INFO 6880 --- [spring_blog] [    Test worker] o.s.b.a.h2.H2ConsoleAutoConfiguration    : H2 console available at '/h2-console'. Database available at 'jdbc:h2:mem:testdb'
2025-09-01T09:56:22.782+09:00  WARN 6880 --- [spring_blog] [    Test worker] o.s.s.c.a.web.builders.WebSecurity       : You are asking Spring Security to ignore org.springframework.boot.autoconfigure.security.servlet.PathRequest$H2ConsoleRequestMatcher@20305c45. This is not recommended -- please use permitAll via HttpSecurity#authorizeHttpRequests instead.
2025-09-01T09:56:22.783+09:00  WARN 6880 --- [spring_blog] [    Test worker] o.s.s.c.a.web.builders.WebSecurity       : You are asking Spring Security to ignore Deferred [Mvc [pattern='/img/**'], Ant [pattern='/img/**']]. This is not recommended -- please use permitAll via HttpSecurity#authorizeHttpRequests instead.
2025-09-01T09:56:22.783+09:00  WARN 6880 --- [spring_blog] [    Test worker] o.s.s.c.a.web.builders.WebSecurity       : You are asking Spring Security to ignore Deferred [Mvc [pattern='/css/**'], Ant [pattern='/css/**']]. This is not recommended -- please use permitAll via HttpSecurity#authorizeHttpRequests instead.
2025-09-01T09:56:22.783+09:00  WARN 6880 --- [spring_blog] [    Test worker] o.s.s.c.a.web.builders.WebSecurity       : You are asking Spring Security to ignore Deferred [Mvc [pattern='/js/**'], Ant [pattern='/js/**']]. This is not recommended -- please use permitAll via HttpSecurity#authorizeHttpRequests instead.
2025-09-01T09:56:22.869+09:00  INFO 6880 --- [spring_blog] [    Test worker] u.s.SpringBlogApplicationTests           : Started SpringBlogApplicationTests in 5.63 seconds (process running for 6.999)
]]></system-out>
  <system-err><![CDATA[Mockito is currently self-attaching to enable the inline-mock-maker. This will no longer work in future releases of the JDK. Please add Mockito as an agent to your build as described in Mockito's documentation: https://javadoc.io/doc/org.mockito/mockito-core/latest/org.mockito/org/mockito/Mockito.html#0.3
WARNING: A Java agent has been loaded dynamically (C:\Users\Minakon\.gradle\caches\modules-2\files-2.1\net.bytebuddy\byte-buddy-agent\1.17.6\17b32fd9f57deef02842f7f05abc4ad8127fe34e\byte-buddy-agent-1.17.6.jar)
WARNING: If a serviceability tool is in use, please run with -XX:+EnableDynamicAgentLoading to hide this warning
WARNING: If a serviceability tool is not in use, please run with -Djdk.instrument.traceUsage for more information
WARNING: Dynamic loading of agents will be disallowed by default in a future release
]]></system-err>
</testsuite>
